<?xml version="1.0" encoding="UTF-8"?>
<testng-results ignored="0" total="1" passed="1" failed="0" skipped="0">
  <reporter-output>
    <line>
      <![CDATA[launching url]]>
    </line>
    <line>
      <![CDATA[successfully logged in to kite login page]]>
    </line>
    <line>
      <![CDATA[welcome to home page]]>
    </line>
    <line>
      <![CDATA[TC Execution is startedmymethod]]>
    </line>
    <line>
      <![CDATA[expected & actual id validated successfully]]>
    </line>
    <line>
      <![CDATA[TC Execution is successfulmymethod]]>
    </line>
  </reporter-output>
  <suite started-at="2022-08-10T01:55:13 IST" name="Default suite" finished-at="2022-08-10T01:55:27 IST" duration-ms="14287">
    <groups>
    </groups>
    <test started-at="2022-08-10T01:55:13 IST" name="Default test" finished-at="2022-08-10T01:55:27 IST" duration-ms="14287">
      <class name="allpackages_testNG.Kite_test_class2">
        <test-method is-config="true" signature="launchBrower()[pri:0, instance:allpackages_testNG.Kite_test_class2@2805d709]" started-at="2022-08-10T01:55:13 IST" name="launchBrower" finished-at="2022-08-10T01:55:21 IST" duration-ms="8028" status="PASS">
          <reporter-output>
            <line>
              <![CDATA[launching url]]>
            </line>
          </reporter-output>
        </test-method> <!-- launchBrower -->
        <test-method is-config="true" signature="login_to_kite()[pri:0, instance:allpackages_testNG.Kite_test_class2@2805d709]" started-at="2022-08-10T01:55:21 IST" name="login_to_kite" finished-at="2022-08-10T01:55:22 IST" duration-ms="755" status="PASS">
          <reporter-output>
            <line>
              <![CDATA[successfully logged in to kite login page]]>
            </line>
            <line>
              <![CDATA[welcome to home page]]>
            </line>
          </reporter-output>
        </test-method> <!-- login_to_kite -->
        <test-method signature="mymethod()[pri:0, instance:allpackages_testNG.Kite_test_class2@2805d709]" started-at="2022-08-10T01:55:22 IST" name="mymethod" finished-at="2022-08-10T01:55:24 IST" duration-ms="2010" status="PASS">
          <reporter-output>
            <line>
              <![CDATA[TC Execution is startedmymethod]]>
            </line>
            <line>
              <![CDATA[expected & actual id validated successfully]]>
            </line>
            <line>
              <![CDATA[TC Execution is successfulmymethod]]>
            </line>
          </reporter-output>
        </test-method> <!-- mymethod -->
        <test-method is-config="true" signature="logout()[pri:0, instance:allpackages_testNG.Kite_test_class2@2805d709]" started-at="2022-08-10T01:55:24 IST" name="logout" finished-at="2022-08-10T01:55:27 IST" duration-ms="3162" status="PASS">
          <reporter-output>
          </reporter-output>
        </test-method> <!-- logout -->
        <test-method is-config="true" signature="closebrowser()[pri:0, instance:allpackages_testNG.Kite_test_class2@2805d709]" started-at="2022-08-10T01:55:27 IST" name="closebrowser" finished-at="2022-08-10T01:55:27 IST" duration-ms="244" status="PASS">
          <reporter-output>
          </reporter-output>
        </test-method> <!-- closebrowser -->
      </class> <!-- allpackages_testNG.Kite_test_class2 -->
    </test> <!-- Default test -->
  </suite> <!-- Default suite -->
</testng-results>
